[INFO ] [2022-08-14 12:22:09,778] Register - Step 01: Navigate to 'Register' page
[INFO ] [2022-08-14 12:22:10,295] Register - Step 02: Enter to Firstname textbox with value is 'Automation'
[INFO ] [2022-08-14 12:22:10,436] Register - Step 03: Enter to Lastname textbox with value is 'FC'
[INFO ] [2022-08-14 12:22:10,554] Register - Step 04: Enter to Email textbox with value is 'Automation'
[INFO ] [2022-08-14 12:22:10,681] Register - Step 05: Enter to Password textbox with value is 'Automation'
[INFO ] [2022-08-14 12:22:10,800] Register - Step 06: Enter to Confirmpassword textbox with value is 'Automation'
[INFO ] [2022-08-14 12:22:10,926] Register - Step 07: Click to 'Register' button 
[INFO ] [2022-08-14 12:22:11,677] Register - Step 08:  Verify Register success message is displayed
[INFO ] [2022-08-14 12:22:11,739] Register - Step 09: Click to 'Log out' link 
[INFO ] [2022-08-14 12:22:12,424] Login - Step 01: Navigate to Login Page 
[INFO ] [2022-08-14 12:22:12,933] Login - Step 02: Enter to Email textbox with value is '123456' 
[INFO ] [2022-08-14 12:22:13,046] Login - Step 03: Enter to Email textbox 
[INFO ] [2022-08-14 12:22:13,157] Login - Step 04: Click to Login button 
[INFO ] [2022-08-14 12:22:13,866] Login - Step 05: Verify 'My Account' link is displayed 
[INFO ] [2022-08-14 12:22:13,920] Login - Step 06: Navigate to 'My Account' page 
[INFO ] [2022-08-14 12:22:14,520] Login - Step 07: Verify 'Customer Infor' page is displayed 
[INFO ] [2022-08-14 12:23:40,192] Register - Step 01: Navigate to 'Register' page
[INFO ] [2022-08-14 12:23:40,719] Register - Step 02: Enter to Firstname textbox with value is 'Automation'
[INFO ] [2022-08-14 12:23:40,854] Register - Step 03: Enter to Lastname textbox with value is 'FC'
[INFO ] [2022-08-14 12:23:40,968] Register - Step 04: Enter to Email textbox with value is 'Automation'
[INFO ] [2022-08-14 12:23:41,093] Register - Step 05: Enter to Password textbox with value is 'Automation'
[INFO ] [2022-08-14 12:23:41,208] Register - Step 06: Enter to Confirmpassword textbox with value is 'Automation'
[INFO ] [2022-08-14 12:23:41,324] Register - Step 07: Click to 'Register' button 
[INFO ] [2022-08-14 12:23:42,159] Register - Step 08:  Verify Register success message is displayed
[INFO ] [2022-08-14 12:23:42,219] Register - Step 09: Click to 'Log out' link 
[INFO ] [2022-08-14 12:23:42,977] Login - Step 01: Navigate to Login Page 
[INFO ] [2022-08-14 12:23:43,458] Login - Step 02: Enter to Email textbox with value is '123456' 
[INFO ] [2022-08-14 12:23:43,568] Login - Step 03: Enter to Email textbox 
[INFO ] [2022-08-14 12:23:43,676] Login - Step 04: Click to Login button 
[INFO ] [2022-08-14 12:23:44,389] Login - Step 05: Verify 'My Account' link is displayed 
[INFO ] [2022-08-14 12:23:44,440] Login - Step 06: Navigate to 'My Account' page 
[INFO ] [2022-08-14 12:23:44,950] Login - Step 07: Verify 'Customer Infor' page is displayed 
[INFO ] [2022-08-14 16:12:07,200] Register - Step 01: Navigate to 'Register' page
[INFO ] [2022-08-14 16:12:07,792] Register - Step 02: Enter to Firstname textbox with value is 'Automation'
[INFO ] [2022-08-14 16:12:07,923] Register - Step 03: Enter to Lastname textbox with value is 'FC'
[INFO ] [2022-08-14 16:12:08,036] Register - Step 04: Enter to Email textbox with value is 'Automation'
[INFO ] [2022-08-14 16:12:08,165] Register - Step 05: Enter to Password textbox with value is 'Automation'
[INFO ] [2022-08-14 16:12:08,282] Register - Step 06: Enter to Confirmpassword textbox with value is 'Automation'
[INFO ] [2022-08-14 16:12:08,392] Register - Step 07: Click to 'Register' button 
[INFO ] [2022-08-14 16:12:09,221] Register - Step 08:  Verify Register success message is displayed
[INFO ] [2022-08-14 16:12:09,281] Register - Step 09: Click to 'Log out' link 
[INFO ] [2022-08-14 16:12:09,993] Login - Step 01: Navigate to Login Page 
[INFO ] [2022-08-14 16:12:10,554] Login - Step 02: Enter to Email textbox with value is '123456' 
[INFO ] [2022-08-14 16:12:10,679] Login - Step 03: Enter to Email textbox 
[INFO ] [2022-08-14 16:12:10,789] Login - Step 04: Click to Login button 
[INFO ] [2022-08-14 16:12:11,499] Login - Step 05: Verify 'My Account' link is displayed 
[INFO ] [2022-08-14 16:12:11,548] Login - Step 06: Navigate to 'My Account' page 
[INFO ] [2022-08-14 16:12:12,035] Login - Step 07: Verify 'Customer Infor' page is displayed 
[2022-08-14 17:21:37,105] Register - Step 01: Navigate to 'Register' page
[2022-08-14 17:21:37,746] Register - Step 02: Enter to Firstname textbox with value is 'Automation'
[2022-08-14 17:21:37,881] Register - Step 03: Enter to Lastname textbox with value is 'FC'
[2022-08-14 17:21:37,998] Register - Step 04: Enter to Email textbox with value is 'Automation'
[2022-08-14 17:21:38,126] Register - Step 05: Enter to Password textbox with value is 'Automation'
[2022-08-14 17:21:38,248] Register - Step 06: Enter to Confirmpassword textbox with value is 'Automation'
[2022-08-14 17:21:38,359] Register - Step 07: Click to 'Register' button 
[2022-08-14 17:21:39,284] Register - Step 08:  Verify Register success message is displayed
[2022-08-14 17:21:39,348]  -------------------------- FAILED -------------------------- 
[2022-08-14 17:21:39,348] Register - Step 09: Click to 'Log out' link 
[2022-08-14 17:21:40,117] Login - Step 01: Navigate to Login Page 
[2022-08-14 17:21:40,628] Login - Step 02: Enter to Email textbox with value is '123456' 
[2022-08-14 17:21:40,740] Login - Step 03: Enter to Email textbox 
[2022-08-14 17:21:40,854] Login - Step 04: Click to Login button 
[2022-08-14 17:21:41,552] Login - Step 05: Verify 'My Account' link is displayed 
[2022-08-14 17:21:41,613]  -------------------------- FAILED -------------------------- 
[2022-08-14 17:21:41,613] Login - Step 06: Navigate to 'My Account' page 
[2022-08-14 17:21:42,124] Login - Step 07: Verify 'Customer Infor' page is displayed 
[2022-08-14 17:21:42,175]  -------------------------- FAILED -------------------------- 
[2022-08-14 18:46:58,575] Register - Step 01: Navigate to 'Register' page
[2022-08-14 18:46:59,246] Register - Step 02: Enter to Firstname textbox with value is 'Automation'
[2022-08-14 18:46:59,387] Register - Step 03: Enter to Lastname textbox with value is 'FC'
[2022-08-14 18:46:59,499] Register - Step 04: Enter to Email textbox with value is 'Automation'
[2022-08-14 18:46:59,624] Register - Step 05: Enter to Password textbox with value is 'Automation'
[2022-08-14 18:46:59,740] Register - Step 06: Enter to Confirmpassword textbox with value is 'Automation'
[2022-08-14 18:46:59,858] Register - Step 07: Click to 'Register' button 
[2022-08-14 18:47:00,668] Register - Step 08:  Verify Register success message is displayed
[2022-08-14 18:47:00,728]  -------------------------- FAILED -------------------------- 
[2022-08-14 18:47:00,728] Register - Step 09: Click to 'Log out' link 
[2022-08-14 18:47:01,420] Login - Step 01: Navigate to Login Page 
[2022-08-14 18:47:01,940] Login - Step 02: Enter to Email textbox with value is '123456' 
[2022-08-14 18:47:02,049] Login - Step 03: Enter to Email textbox 
[2022-08-14 18:47:02,161] Login - Step 04: Click to Login button 
[2022-08-14 18:47:02,873] Login - Step 05: Verify 'My Account' link is displayed 
[2022-08-14 18:47:02,933]  -------------------------- FAILED -------------------------- 
[2022-08-14 18:47:02,933] Login - Step 06: Navigate to 'My Account' page 
[2022-08-14 18:47:03,448] Login - Step 07: Verify 'Customer Infor' page is displayed 
[2022-08-14 18:47:03,497]  -------------------------- FAILED -------------------------- 
[2022-08-14 18:50:46,830] Register - Step 01: Navigate to 'Register' page
[2022-08-14 18:50:47,422] Register - Step 02: Enter to Firstname textbox with value is 'Automation'
[2022-08-14 18:50:47,552] Register - Step 03: Enter to Lastname textbox with value is 'FC'
[2022-08-14 18:50:47,674] Register - Step 04: Enter to Email textbox with value is 'Automation'
[2022-08-14 18:50:47,797] Register - Step 05: Enter to Password textbox with value is 'Automation'
[2022-08-14 18:50:47,909] Register - Step 06: Enter to Confirmpassword textbox with value is 'Automation'
[2022-08-14 18:50:48,027] Register - Step 07: Click to 'Register' button 
[2022-08-14 18:50:48,870] Register - Step 08:  Verify Register success message is displayed
[2022-08-14 18:50:48,934]  -------------------------- FAILED -------------------------- 
[2022-08-14 18:50:48,934] Register - Step 09: Click to 'Log out' link 
[2022-08-14 18:50:49,673] Login - Step 01: Navigate to Login Page 
[2022-08-14 18:50:50,179] Login - Step 02: Enter to Email textbox with value is '123456' 
[2022-08-14 18:50:50,288] Login - Step 03: Enter to Email textbox 
[2022-08-14 18:50:50,396] Login - Step 04: Click to Login button 
[2022-08-14 18:50:51,120] Login - Step 05: Verify 'My Account' link is displayed 
[2022-08-14 18:50:51,171]  -------------------------- FAILED -------------------------- 
[2022-08-14 18:50:51,171] Login - Step 06: Navigate to 'My Account' page 
[2022-08-14 18:50:51,703] Login - Step 07: Verify 'Customer Infor' page is displayed 
[2022-08-14 18:50:51,750]  -------------------------- FAILED -------------------------- 
[2022-08-14 18:52:10,518] Register - Step 01: Navigate to 'Register' page
[2022-08-14 18:52:11,061] Register - Step 02: Enter to Firstname textbox with value is 'Automation'
[2022-08-14 18:52:11,191] Register - Step 03: Enter to Lastname textbox with value is 'FC'
[2022-08-14 18:52:11,310] Register - Step 04: Enter to Email textbox with value is 'Automation'
[2022-08-14 18:52:11,438] Register - Step 05: Enter to Password textbox with value is 'Automation'
[2022-08-14 18:52:11,556] Register - Step 06: Enter to Confirmpassword textbox with value is 'Automation'
[2022-08-14 18:52:11,673] Register - Step 07: Click to 'Register' button 
[2022-08-14 18:52:12,442] Register - Step 08:  Verify Register success message is displayed
[2022-08-14 18:52:12,505]  -------------------------- FAILED -------------------------- 
[2022-08-14 18:52:12,506] Register - Step 09: Click to 'Log out' link 
[2022-08-14 18:52:13,226] Login - Step 01: Navigate to Login Page 
[2022-08-14 18:52:13,695] Login - Step 02: Enter to Email textbox with value is '123456' 
[2022-08-14 18:52:13,805] Login - Step 03: Enter to Email textbox 
[2022-08-14 18:52:13,916] Login - Step 04: Click to Login button 
[2022-08-14 18:52:14,623] Login - Step 05: Verify 'My Account' link is displayed 
[2022-08-14 18:52:14,681]  -------------------------- FAILED -------------------------- 
[2022-08-14 18:52:14,681] Login - Step 06: Navigate to 'My Account' page 
[2022-08-14 18:52:15,171] Login - Step 07: Verify 'Customer Infor' page is displayed 
[2022-08-14 18:52:15,221]  -------------------------- FAILED -------------------------- 
[2022-08-14 18:55:43,820] Register - Step 01: Navigate to 'Register' page
[2022-08-14 18:55:44,416] Register - Step 02: Enter to Firstname textbox with value is 'Automation'
[2022-08-14 18:55:44,558] Register - Step 03: Enter to Lastname textbox with value is 'FC'
[2022-08-14 18:55:44,728] Register - Step 04: Enter to Email textbox with value is 'Automation'
[2022-08-14 18:55:44,846] Register - Step 05: Enter to Password textbox with value is 'Automation'
[2022-08-14 18:55:44,960] Register - Step 06: Enter to Confirmpassword textbox with value is 'Automation'
[2022-08-14 18:55:45,081] Register - Step 07: Click to 'Register' button 
[2022-08-14 18:55:45,887] Register - Step 08:  Verify Register success message is displayed
[2022-08-14 18:55:45,955]  -------------------------- FAILED -------------------------- 
[2022-08-14 18:55:45,956] Register - Step 09: Click to 'Log out' link 
[2022-08-14 18:55:46,701] Login - Step 01: Navigate to Login Page 
[2022-08-14 18:55:47,189] Login - Step 02: Enter to Email textbox with value is '123456' 
[2022-08-14 18:55:47,307] Login - Step 03: Enter to Email textbox 
[2022-08-14 18:55:47,429] Login - Step 04: Click to Login button 
[2022-08-14 18:55:48,147] Login - Step 05: Verify 'My Account' link is displayed 
[2022-08-14 18:55:48,208]  -------------------------- FAILED -------------------------- 
[2022-08-14 18:55:48,208] Login - Step 06: Navigate to 'My Account' page 
[2022-08-14 18:55:48,693] Login - Step 07: Verify 'Customer Infor' page is displayed 
[2022-08-14 18:55:48,746]  -------------------------- FAILED -------------------------- 
[2022-08-14 18:56:57,910] Register - Step 01: Navigate to 'Register' page
[2022-08-14 18:56:58,459] Register - Step 02: Enter to Firstname textbox with value is 'Automation'
[2022-08-14 18:56:58,591] Register - Step 03: Enter to Lastname textbox with value is 'FC'
[2022-08-14 18:56:58,712] Register - Step 04: Enter to Email textbox with value is 'Automation'
[2022-08-14 18:56:58,838] Register - Step 05: Enter to Password textbox with value is 'Automation'
[2022-08-14 18:56:58,959] Register - Step 06: Enter to Confirmpassword textbox with value is 'Automation'
[2022-08-14 18:56:59,073] Register - Step 07: Click to 'Register' button 
[2022-08-14 18:56:59,868] Register - Step 08:  Verify Register success message is displayed
[2022-08-14 18:56:59,933]  -------------------------- FAILED -------------------------- 
[2022-08-14 18:56:59,934] Register - Step 09: Click to 'Log out' link 
[2022-08-14 18:57:00,671] Login - Step 01: Navigate to Login Page 
[2022-08-14 18:57:01,157] Login - Step 02: Enter to Email textbox with value is '123456' 
[2022-08-14 18:57:01,270] Login - Step 03: Enter to Email textbox 
[2022-08-14 18:57:01,380] Login - Step 04: Click to Login button 
[2022-08-14 18:57:02,091] Login - Step 05: Verify 'My Account' link is displayed 
[2022-08-14 18:57:02,151]  -------------------------- FAILED -------------------------- 
[2022-08-14 18:57:02,151] Login - Step 06: Navigate to 'My Account' page 
[2022-08-14 18:57:02,643] Login - Step 07: Verify 'Customer Infor' page is displayed 
[2022-08-14 18:57:02,692]  -------------------------- FAILED -------------------------- 
[2022-08-14 19:21:12,093] Register - Step 01: Navigate to 'Register' page
[2022-08-14 19:21:12,647] Register - Step 02: Enter to Firstname textbox with value is 'Automation'
[2022-08-14 19:21:12,777] Register - Step 03: Enter to Lastname textbox with value is 'FC'
[2022-08-14 19:21:12,895] Register - Step 04: Enter to Email textbox with value is 'Automation'
[2022-08-14 19:21:13,024] Register - Step 05: Enter to Password textbox with value is 'Automation'
[2022-08-14 19:21:13,138] Register - Step 06: Enter to Confirmpassword textbox with value is 'Automation'
[2022-08-14 19:21:13,251] Register - Step 07: Click to 'Register' button 
[2022-08-14 19:21:14,031] Register - Step 08:  Verify Register success message is displayed
[2022-08-14 19:21:14,096]  -------------------------- FAILED -------------------------- 
[2022-08-14 19:21:14,211] Register - Step 09: Click to 'Log out' link 
[2022-08-14 19:21:14,920] Login - Step 01: Navigate to Login Page 
[2022-08-14 19:21:15,402] Login - Step 02: Enter to Email textbox with value is '123456' 
[2022-08-14 19:21:15,518] Login - Step 03: Enter to Email textbox 
[2022-08-14 19:21:15,627] Login - Step 04: Click to Login button 
[2022-08-14 19:21:16,339] Login - Step 05: Verify 'My Account' link is displayed 
[2022-08-14 19:21:16,402]  -------------------------- FAILED -------------------------- 
[2022-08-14 19:21:16,402] Login - Step 06: Navigate to 'My Account' page 
[2022-08-14 19:21:16,890] Login - Step 07: Verify 'Customer Infor' page is displayed 
[2022-08-14 19:21:16,938]  -------------------------- FAILED -------------------------- 
[2022-08-14 19:21:24,474] Register - Step 01: Navigate to 'Register' page
[2022-08-14 19:21:25,004] Register - Step 02: Enter to Firstname textbox with value is 'Automation'
[2022-08-14 19:21:25,072] Register - Step 03: Enter to Lastname textbox with value is 'FC'
[2022-08-14 19:21:25,118] Register - Step 04: Enter to Email textbox with value is 'Automation'
[2022-08-14 19:21:25,171] Register - Step 05: Enter to Password textbox with value is 'Automation'
[2022-08-14 19:21:25,225] Register - Step 06: Enter to Confirmpassword textbox with value is 'Automation'
[2022-08-14 19:21:25,302] Register - Step 07: Click to 'Register' button 
[2022-08-14 19:21:26,138] Register - Step 08:  Verify Register success message is displayed
[2022-08-14 19:21:26,187]  -------------------------- FAILED -------------------------- 
[2022-08-14 19:21:26,187] Register - Step 09: Click to 'Log out' link 
[2022-08-14 19:21:26,862] Login - Step 01: Navigate to Login Page 
[2022-08-14 19:21:27,350] Login - Step 02: Enter to Email textbox with value is '123456' 
[2022-08-14 19:21:27,401] Login - Step 03: Enter to Email textbox 
[2022-08-14 19:21:27,444] Login - Step 04: Click to Login button 
[2022-08-14 19:21:28,166] Login - Step 05: Verify 'My Account' link is displayed 
[2022-08-14 19:21:28,225]  -------------------------- FAILED -------------------------- 
[2022-08-14 19:21:28,225] Login - Step 06: Navigate to 'My Account' page 
[2022-08-14 19:21:28,745] Login - Step 07: Verify 'Customer Infor' page is displayed 
[2022-08-14 19:21:28,788]  -------------------------- FAILED -------------------------- 
[2022-08-14 19:22:07,642] Register - Step 01: Navigate to 'Register' page
[2022-08-14 19:22:08,179] Register - Step 02: Enter to Firstname textbox with value is 'Automation'
[2022-08-14 19:22:08,443] Register - Step 03: Enter to Lastname textbox with value is 'FC'
[2022-08-14 19:22:08,608] Register - Step 04: Enter to Email textbox with value is 'Automation'
[2022-08-14 19:22:08,779] Register - Step 05: Enter to Password textbox with value is 'Automation'
[2022-08-14 19:22:08,907] Register - Step 06: Enter to Confirmpassword textbox with value is 'Automation'
[2022-08-14 19:22:09,043] Register - Step 07: Click to 'Register' button 
[2022-08-14 19:22:09,918] Register - Step 08:  Verify Register success message is displayed
[2022-08-14 19:22:09,987]  -------------------------- FAILED -------------------------- 
[2022-08-14 19:22:10,081] Register - Step 09: Click to 'Log out' link 
[2022-08-14 19:22:10,906] Login - Step 01: Navigate to Login Page 
[2022-08-14 19:22:11,502] Login - Step 02: Enter to Email textbox with value is '123456' 
[2022-08-14 19:22:11,640] Login - Step 03: Enter to Email textbox 
[2022-08-14 19:22:11,770] Login - Step 04: Click to Login button 
[2022-08-14 19:22:12,577] Login - Step 05: Verify 'My Account' link is displayed 
[2022-08-14 19:22:12,641]  -------------------------- FAILED -------------------------- 
[2022-08-14 19:22:12,641] Login - Step 06: Navigate to 'My Account' page 
[2022-08-14 19:22:13,170] Login - Step 07: Verify 'Customer Infor' page is displayed 
[2022-08-14 19:22:13,215]  -------------------------- FAILED -------------------------- 
[2022-08-14 19:22:18,728] Register - Step 01: Navigate to 'Register' page
[2022-08-14 19:22:19,336] Register - Step 02: Enter to Firstname textbox with value is 'Automation'
[2022-08-14 19:22:19,460] Register - Step 03: Enter to Lastname textbox with value is 'FC'
[2022-08-14 19:22:19,510] Register - Step 04: Enter to Email textbox with value is 'Automation'
[2022-08-14 19:22:19,581] Register - Step 05: Enter to Password textbox with value is 'Automation'
[2022-08-14 19:22:19,629] Register - Step 06: Enter to Confirmpassword textbox with value is 'Automation'
[2022-08-14 19:22:19,677] Register - Step 07: Click to 'Register' button 
[2022-08-14 19:22:20,533] Register - Step 08:  Verify Register success message is displayed
[2022-08-14 19:22:20,583]  -------------------------- FAILED -------------------------- 
[2022-08-14 19:22:20,583] Register - Step 09: Click to 'Log out' link 
[2022-08-14 19:22:21,361] Login - Step 01: Navigate to Login Page 
[2022-08-14 19:22:21,933] Login - Step 02: Enter to Email textbox with value is '123456' 
[2022-08-14 19:22:21,982] Login - Step 03: Enter to Email textbox 
[2022-08-14 19:22:22,024] Login - Step 04: Click to Login button 
[2022-08-14 19:22:22,783] Login - Step 05: Verify 'My Account' link is displayed 
[2022-08-14 19:22:22,838]  -------------------------- FAILED -------------------------- 
[2022-08-14 19:22:22,838] Login - Step 06: Navigate to 'My Account' page 
[2022-08-14 19:22:23,350] Login - Step 07: Verify 'Customer Infor' page is displayed 
[2022-08-14 19:22:23,394]  -------------------------- FAILED -------------------------- 
[2022-08-20 11:33:27,403] Register - Step 01: Navigate to 'Register' page
[2022-08-20 11:33:27,971] Register - Step 02: Enter to Firstname textbox with value is 'Automation'
[2022-08-20 11:33:28,104] Register - Step 03: Enter to Lastname textbox with value is 'FC'
[2022-08-20 11:33:28,217] Register - Step 04: Enter to Email textbox with value is 'Automation'
[2022-08-20 11:33:28,343] Register - Step 05: Enter to Password textbox with value is 'Automation'
[2022-08-20 11:33:28,455] Register - Step 06: Enter to Confirmpassword textbox with value is 'Automation'
[2022-08-20 11:33:28,574] Register - Step 07: Click to 'Register' button 
[2022-08-20 11:33:29,382] Register - Step 08:  Verify Register success message is displayed
[2022-08-20 11:33:29,444]  -------------------------- FAILED -------------------------- 
[2022-08-20 11:33:29,561] Register - Step 09: Click to 'Log out' link 
[2022-08-20 11:33:30,297] Login - Step 01: Navigate to Login Page 
[2022-08-20 11:33:30,793] Login - Step 02: Enter to Email textbox with value is '123456' 
[2022-08-20 11:33:30,903] Login - Step 03: Enter to Email textbox 
[2022-08-20 11:33:31,015] Login - Step 04: Click to Login button 
[2022-08-20 11:33:31,717] Login - Step 05: Verify 'My Account' link is displayed 
[2022-08-20 11:33:31,780]  -------------------------- FAILED -------------------------- 
[2022-08-20 11:33:31,780] Login - Step 06: Navigate to 'My Account' page 
[2022-08-20 11:33:32,261] Login - Step 07: Verify 'Customer Infor' page is displayed 
[2022-08-20 11:33:32,311]  -------------------------- FAILED -------------------------- 
[2022-08-20 13:46:10,048] Register - Step 01: Navigate to 'Register' page
[2022-08-20 13:46:10,707] Register - Step 02: Enter to Firstname textbox with value is 'Automation'
[2022-08-20 13:46:10,841] Register - Step 03: Enter to Lastname textbox with value is 'FC'
[2022-08-20 13:46:10,952] Register - Step 04: Enter to Email textbox with value is 'Automation'
[2022-08-20 13:46:11,079] Register - Step 05: Enter to Password textbox with value is 'Automation'
[2022-08-20 13:46:11,198] Register - Step 06: Enter to Confirmpassword textbox with value is 'Automation'
[2022-08-20 13:46:11,331] Register - Step 07: Click to 'Register' button 
[2022-08-20 13:46:12,164] Register - Step 08:  Verify Register success message is displayed
[2022-08-20 13:46:12,224]  -------------------------- FAILED -------------------------- 
[2022-08-20 13:46:12,224] Register - Step 09: Click to 'Log out' link 
[2022-08-20 13:46:12,961] Login - Step 01: Navigate to Login Page 
[2022-08-20 13:46:13,454] Login - Step 02: Enter to Email textbox with value is '123456' 
[2022-08-20 13:46:13,566] Login - Step 03: Enter to Email textbox 
[2022-08-20 13:46:13,676] Login - Step 04: Click to Login button 
[2022-08-20 13:46:14,395] Login - Step 05: Verify 'My Account' link is displayed 
[2022-08-20 13:46:14,448]  -------------------------- FAILED -------------------------- 
[2022-08-20 13:46:14,448] Login - Step 06: Navigate to 'My Account' page 
[2022-08-20 13:46:14,975] Login - Step 07: Verify 'Customer Infor' page is displayed 
[2022-08-20 13:46:15,024]  -------------------------- FAILED -------------------------- 
[2022-08-20 13:52:46,534] Register - Step 01: Navigate to 'Register' page
[2022-08-20 13:52:47,122] Register - Step 02: Enter to Firstname textbox with value is 'Automation'
[2022-08-20 13:52:47,252] Register - Step 03: Enter to Lastname textbox with value is 'FC'
[2022-08-20 13:52:47,370] Register - Step 04: Enter to Email textbox with value is 'Automation'
[2022-08-20 13:52:47,495] Register - Step 05: Enter to Password textbox with value is 'Automation'
[2022-08-20 13:52:47,609] Register - Step 06: Enter to Confirmpassword textbox with value is 'Automation'
[2022-08-20 13:52:47,722] Register - Step 07: Click to 'Register' button 
[2022-08-20 13:52:48,546] Register - Step 08:  Verify Register success message is displayed
[2022-08-20 13:52:48,610]  -------------------------- FAILED -------------------------- 
[2022-08-20 13:52:48,611] Register - Step 09: Click to 'Log out' link 
[2022-08-20 13:52:49,326] Login - Step 01: Navigate to Login Page 
[2022-08-20 13:52:49,812] Login - Step 02: Enter to Email textbox with value is '123456' 
[2022-08-20 13:52:49,921] Login - Step 03: Enter to Email textbox 
[2022-08-20 13:52:50,032] Login - Step 04: Click to Login button 
[2022-08-20 13:52:50,732] Login - Step 05: Verify 'My Account' link is displayed 
[2022-08-20 13:52:50,782]  -------------------------- FAILED -------------------------- 
[2022-08-20 13:52:50,782] Login - Step 06: Navigate to 'My Account' page 
[2022-08-20 13:52:51,281] Login - Step 07: Verify 'Customer Infor' page is displayed 
[2022-08-20 13:52:51,327]  -------------------------- FAILED -------------------------- 
[2022-08-20 14:04:32,716] Register - Step 01: Navigate to 'Register' page
[2022-08-20 14:04:33,253] Register - Step 02: Enter to Firstname textbox with value is 'Automation'
[2022-08-20 14:04:33,381] Register - Step 03: Enter to Lastname textbox with value is 'FC'
[2022-08-20 14:04:33,498] Register - Step 04: Enter to Email textbox with value is 'Automation'
[2022-08-20 14:04:33,623] Register - Step 05: Enter to Password textbox with value is 'Automation'
[2022-08-20 14:04:33,738] Register - Step 06: Enter to Confirmpassword textbox with value is 'Automation'
[2022-08-20 14:04:33,851] Register - Step 07: Click to 'Register' button 
[2022-08-20 14:04:34,731] Register - Step 08:  Verify Register success message is displayed
[2022-08-20 14:04:34,795]  -------------------------- FAILED -------------------------- 
[2022-08-20 14:04:34,796] Register - Step 09: Click to 'Log out' link 
[2022-08-20 14:04:35,534] Login - Step 01: Navigate to Login Page 
[2022-08-20 14:04:36,024] Login - Step 02: Enter to Email textbox with value is '123456' 
[2022-08-20 14:04:36,132] Login - Step 03: Enter to Email textbox 
[2022-08-20 14:04:36,240] Login - Step 04: Click to Login button 
[2022-08-20 14:04:36,952] Login - Step 05: Verify 'My Account' link is displayed 
[2022-08-20 14:04:37,008]  -------------------------- FAILED -------------------------- 
[2022-08-20 14:04:37,008] Login - Step 06: Navigate to 'My Account' page 
[2022-08-20 14:04:37,502] Login - Step 07: Verify 'Customer Infor' page is displayed 
[2022-08-20 14:04:37,551]  -------------------------- FAILED -------------------------- 
[2022-08-20 16:46:30,607] Register - Step 01: Navigate to 'Register' page
[2022-08-20 16:46:31,257] Register - Step 02: Enter to Firstname textbox with value is 'Automation'
[2022-08-20 16:46:31,399] Register - Step 03: Enter to Lastname textbox with value is 'FC'
[2022-08-20 16:46:31,515] Register - Step 04: Enter to Email textbox with value is 'Automation'
[2022-08-20 16:46:31,638] Register - Step 05: Enter to Password textbox with value is 'Automation'
[2022-08-20 16:46:31,750] Register - Step 06: Enter to Confirmpassword textbox with value is 'Automation'
[2022-08-20 16:46:31,871] Register - Step 07: Click to 'Register' button 
[2022-08-20 16:46:32,660] Register - Step 08:  Verify Register success message is displayed
[2022-08-20 16:46:32,728]  -------------------------- FAILED -------------------------- 
[2022-08-20 16:46:32,728] Register - Step 09: Click to 'Log out' link 
[2022-08-20 16:46:33,843] Login - Step 01: Navigate to Login Page 
[2022-08-20 16:46:34,344] Login - Step 02: Enter to Email textbox with value is '123456' 
[2022-08-20 16:46:34,453] Login - Step 03: Enter to Email textbox 
[2022-08-20 16:46:34,564] Login - Step 04: Click to Login button 
[2022-08-20 16:46:35,257] Login - Step 05: Verify 'My Account' link is displayed 
[2022-08-20 16:46:35,307]  -------------------------- FAILED -------------------------- 
[2022-08-20 16:46:35,307] Login - Step 06: Navigate to 'My Account' page 
[2022-08-20 16:46:35,782] Login - Step 07: Verify 'Customer Infor' page is displayed 
[2022-08-20 16:46:35,831]  -------------------------- FAILED -------------------------- 
[2022-08-20 17:14:27,472] Register - Step 01: Navigate to 'Register' page
[2022-08-20 17:14:27,989] Register - Step 02: Enter to Firstname textbox with value is 'Automation'
[2022-08-20 17:14:28,136] Register - Step 03: Enter to Lastname textbox with value is 'FC'
[2022-08-20 17:14:28,264] Register - Step 04: Enter to Email textbox with value is 'Automation'
[2022-08-20 17:14:28,402] Register - Step 05: Enter to Password textbox with value is 'Automation'
[2022-08-20 17:14:28,525] Register - Step 06: Enter to Confirmpassword textbox with value is 'Automation'
[2022-08-20 17:14:28,639] Register - Step 07: Click to 'Register' button 
[2022-08-20 17:14:29,448] Register - Step 08:  Verify Register success message is displayed
[2022-08-20 17:14:29,619] Login - Step 01: Navigate to Login Page 
[2022-08-20 17:34:18,880] Register - Step 01: Navigate to 'Register' page
[2022-08-20 17:34:19,512] Register - Step 02: Enter to Firstname textbox with value is 'Automation'
[2022-08-20 17:34:19,648] Register - Step 03: Enter to Lastname textbox with value is 'FC'
[2022-08-20 17:34:19,769] Register - Step 04: Enter to Email textbox with value is 'Automation'
[2022-08-20 17:34:19,895] Register - Step 05: Enter to Password textbox with value is 'Automation'
[2022-08-20 17:34:20,010] Register - Step 06: Enter to Confirmpassword textbox with value is 'Automation'
[2022-08-20 17:34:20,121] Register - Step 07: Click to 'Register' button 
[2022-08-20 17:34:20,947] Register - Step 08:  Verify Register success message is displayed
[2022-08-20 17:34:21,135] Login - Step 01: Navigate to Login Page 
[2022-08-20 18:06:15,649] Register - Step 01: Navigate to 'Register' page
[2022-08-20 18:06:16,256] Register - Step 02: Enter to Firstname textbox with value is 'Automation'
[2022-08-20 18:06:16,395] Register - Step 03: Enter to Lastname textbox with value is 'FC'
[2022-08-20 18:06:16,509] Register - Step 04: Enter to Email textbox with value is 'Automation'
[2022-08-20 18:06:16,634] Register - Step 05: Enter to Password textbox with value is 'Automation'
[2022-08-20 18:06:16,749] Register - Step 06: Enter to Confirmpassword textbox with value is 'Automation'
[2022-08-20 18:06:16,859] Register - Step 07: Click to 'Register' button 
[2022-08-20 18:06:17,672] Register - Step 08:  Verify Register success message is displayed
[2022-08-20 18:06:17,737] Login - Step 01: Navigate to Login Page 
[2022-08-20 18:06:18,961] Login - Step 02: Enter to Email textbox with value is '123456' 
[2022-08-20 18:06:19,074] Login - Step 03: Enter to Email textbox 
[2022-08-20 18:06:19,188] Login - Step 04: Click to Login button 
[2022-08-20 18:06:19,885] Login - Step 05: Verify 'My Account' link is displayed 
[2022-08-21 07:41:17,011] Register - Step 01: Navigate to 'Register' page
[2022-08-21 07:41:17,530] Register - Step 02: Enter to Firstname textbox with value is 'Automation'
[2022-08-21 07:41:17,667] Register - Step 03: Enter to Lastname textbox with value is 'FC'
[2022-08-21 07:41:17,781] Register - Step 04: Enter to Email textbox with value is 'Automation'
[2022-08-21 07:41:17,910] Register - Step 05: Enter to Password textbox with value is 'Automation'
[2022-08-21 07:41:18,024] Register - Step 06: Enter to Confirmpassword textbox with value is 'Automation'
[2022-08-21 07:41:18,135] Register - Step 07: Click to 'Register' button 
[2022-08-21 07:41:18,937] Register - Step 08:  Verify Register success message is displayed
[2022-08-21 07:41:19,005] Login - Step 01: Navigate to Login Page 
[2022-08-21 07:41:20,212] Login - Step 02: Enter to Email textbox with value is '123456' 
[2022-08-21 07:41:20,331] Login - Step 03: Enter to Email textbox 
[2022-08-21 07:41:20,440] Login - Step 04: Click to Login button 
[2022-08-21 07:41:21,197] Login - Step 05: Verify 'My Account' link is displayed 
[2022-09-13 13:19:39,703] Login - Step 01: Navigate to Login Page 
[2022-09-13 13:19:40,365] Login - Step 02: Enter to Email textbox with value is 'null' 
[2022-09-13 13:25:55,826] Login - Step 01: Navigate to Login Page 
[2022-09-13 13:25:56,352] Login - Step 02: Enter to Email textbox with value is 'afc7315@mail.vn' 
[2022-09-13 13:25:56,511] Login - Step 03: Enter to Email textbox 
[2022-09-13 13:25:56,675] Login - Step 04: Click to Login button 
[2022-09-13 14:12:43,112] Login - Step 01: Navigate to Login Page 
[2022-09-13 14:12:43,652] Login - Step 02: Enter to Email textbox with value is 'afc2991@mail.vn' 
[2022-09-13 14:12:43,783] Login - Step 03: Enter to Email textbox 
[2022-09-13 14:12:43,922] Login - Step 04: Click to Login button 
[2022-09-13 15:28:37,135] Pre-Condition - Step 01: Navigate to Login Page 
[2022-09-13 15:28:37,684] Pre-Condition - Step 02: Set cookie and reload page 
[2022-09-13 15:32:05,997] Pre-Condition - Step 01: Navigate to Login Page 
[2022-09-13 15:32:06,544] Pre-Condition - Step 02: Set cookie and reload page 
[2022-09-13 15:32:09,634] Pre-Condition - Step 05: Verify 'My Account' link is displayed 
[2022-09-13 15:32:10,076]  -------------------------- PASSED -------------------------- 
[2022-09-14 09:59:14,075] Pre-Condition - Step 01: Navigate to Login Page 
[2022-09-14 09:59:14,767] Pre-Condition - Step 02: Set cookie and reload page 
[2022-09-14 09:59:17,972] Pre-Condition - Step 05: Verify 'My Account' link is displayed 
[2022-09-14 09:59:19,002]  -------------------------- PASSED -------------------------- 
[2022-09-14 10:09:45,450] Pre-Condition - Step 01: Navigate to Login Page 
[2022-09-14 10:09:45,983] Pre-Condition - Step 02: Set cookie and reload page 
[2022-09-14 10:09:49,073] Pre-Condition - Step 05: Verify 'My Account' link is displayed 
[2022-09-14 10:09:50,055]  -------------------------- PASSED -------------------------- 
[2022-09-14 10:11:27,357] Pre-Condition - Step 01: Navigate to Login Page 
[2022-09-14 10:11:27,901] Pre-Condition - Step 02: Set cookie and reload page 
[2022-09-14 10:11:31,004] Pre-Condition - Step 05: Verify 'My Account' link is displayed 
[2022-09-14 10:11:32,055]  -------------------------- PASSED -------------------------- 
[2022-09-14 13:44:33,022] Register - Step 01: Navigate to 'Register' page
[2022-09-14 13:44:33,646] Register - Step 02: Enter to Firstname textbox with value is 'Automation'
[2022-09-14 13:44:33,792] Register - Step 03: Enter to Lastname textbox with value is 'FC'
[2022-09-14 13:44:33,916] Register - Step 04: Enter to Email textbox with value is 'Automation'
[2022-09-14 13:44:34,068] Register - Step 05: Enter to Password textbox with value is 'Automation'
[2022-09-14 13:44:34,212] Register - Step 06: Enter to Confirmpassword textbox with value is 'Automation'
[2022-09-14 13:44:34,366] Register - Step 07: Click to 'Register' button 
[2022-09-14 13:44:35,948] Register - Step 08:  Verify Register success message is displayed
[2022-09-14 13:44:36,041]  -------------------------- FAILED -------------------------- 
[2022-09-14 13:44:36,042] Register - Step 09: Click to 'Log out' link 
[2022-09-14 13:44:36,971] Login - Step 01: Navigate to Login Page 
[2022-09-14 13:44:37,504] Login - Step 02: Enter to Email textbox with value is '123456' 
[2022-09-14 13:44:37,636] Login - Step 03: Enter to Email textbox 
[2022-09-14 13:44:37,766] Login - Step 04: Click to Login button 
[2022-09-14 13:44:38,532] Login - Step 05: Verify 'My Account' link is displayed 
[2022-09-14 13:44:38,618]  -------------------------- PASSED -------------------------- 
[2022-09-14 13:44:38,618] Login - Step 06: Navigate to 'My Account' page 
[2022-09-14 13:44:39,118] Login - Step 07: Verify 'Customer Infor' page is displayed 
[2022-09-14 13:44:39,180]  -------------------------- FAILED -------------------------- 
[2022-09-14 13:52:54,937] Pre-Condition - Step 01: Navigate to 'Register' page
[2022-09-14 13:52:55,543] Pre-Condition - Step 02: Enter to Firstname textbox with value is 'Automation'
[2022-09-14 13:52:55,689] Pre-Condition - Step 03: Enter to Lastname textbox with value is 'FC'
[2022-09-14 13:52:55,845] Pre-Condition - Step 04: Enter to Email textbox with value is 'Automation'
[2022-09-14 13:52:55,992] Pre-Condition - Step 05: Enter to Password textbox with value is 'Automation'
[2022-09-14 13:52:56,124] Pre-Condition - Step 06: Enter to Confirmpassword textbox with value is 'Automation'
[2022-09-14 13:52:56,277] Pre-Condition - Step 07: Click to 'Register' button 
[2022-09-14 13:52:57,802] Pre-Condition - Step 08:  Verify Register success message is displayed
[2022-09-14 13:52:57,885]  -------------------------- FAILED -------------------------- 
[2022-09-14 13:52:57,886] Pre-Condition - Step 09: Click to 'Log out' link 
[2022-09-14 13:52:58,621] Pre-Condition - Step 10: Navigate to Login Page 
[2022-09-14 13:52:59,158] Pre-Condition - Step 11: Enter to Email textbox with value is '123456' 
[2022-09-14 13:52:59,305] Pre-Condition - Step 12: Enter to Email textbox 
[2022-09-14 13:52:59,450] Pre-Condition - Step 13: Click to Login button 
[2022-09-14 14:38:26,051] Pre-Condition - Step 01: Navigate to 'Register' page
[2022-09-14 14:38:26,696] Pre-Condition - Step 02: Enter to Firstname textbox with value is 'Automation'
[2022-09-14 14:38:26,855] Pre-Condition - Step 03: Enter to Lastname textbox with value is 'FC'
[2022-09-14 14:38:27,009] Pre-Condition - Step 04: Enter to Email textbox with value is 'Automation'
[2022-09-14 14:38:27,160] Pre-Condition - Step 05: Enter to Password textbox with value is 'Automation'
[2022-09-14 14:38:27,290] Pre-Condition - Step 06: Enter to Confirmpassword textbox with value is 'Automation'
[2022-09-14 14:38:27,414] Pre-Condition - Step 07: Click to 'Register' button 
[2022-09-14 14:38:29,019] Pre-Condition - Step 08:  Verify Register success message is displayed
[2022-09-14 15:27:24,364] Pre-Condition - Step 01: Navigate to 'Register' page
[2022-09-14 15:27:25,023] Pre-Condition - Step 02: Enter to Firstname textbox with value is 'Automation'
[2022-09-14 15:27:25,182] Pre-Condition - Step 03: Enter to Lastname textbox with value is 'FC'
[2022-09-14 15:27:25,320] Pre-Condition - Step 04: Enter to Email textbox with value is 'Automation'
[2022-09-14 15:27:25,473] Pre-Condition - Step 05: Enter to Password textbox with value is 'Automation'
[2022-09-14 15:27:25,603] Pre-Condition - Step 06: Enter to Confirmpassword textbox with value is 'Automation'
[2022-09-14 15:27:25,739] Pre-Condition - Step 07: Click to 'Register' button 
[2022-09-14 15:27:27,311] Pre-Condition - Step 08:  Verify Register success message is displayed
[2022-09-14 15:59:28,277] Pre-Condition - Step 01: Navigate to 'Register' page
[2022-09-14 15:59:29,039] Pre-Condition - Step 02: Enter to Firstname textbox with value is 'Automation'
[2022-09-14 15:59:29,211] Pre-Condition - Step 03: Enter to Lastname textbox with value is 'FC'
[2022-09-14 15:59:29,368] Pre-Condition - Step 04: Enter to Email textbox with value is 'Automation'
[2022-09-14 15:59:29,532] Pre-Condition - Step 05: Enter to Password textbox with value is 'Automation'
[2022-09-14 15:59:29,663] Pre-Condition - Step 06: Enter to Confirmpassword textbox with value is 'Automation'
[2022-09-14 15:59:29,789] Pre-Condition - Step 07: Click to 'Register' button 
[2022-09-14 15:59:31,320] Pre-Condition - Step 08:  Verify Register success message is displayed
[2022-09-14 15:59:31,567] OS name = windows 10
[2022-09-14 15:59:31,567] Driver instance name = chromedriver: chrome on windows (2f504bb860e15b5f659a5407ec5862ae)
[2022-09-15 15:20:27,145] Register - Step 01: Navigate to 'Register' page
[2022-09-15 15:20:27,721] Register - Step 02: Enter to Firstname textbox with value is 'Automation'
[2022-09-15 15:20:27,886] Register - Step 03: Enter to Lastname textbox with value is 'FC'
[2022-09-15 15:20:28,040] Register - Step 04: Enter to Email textbox with value is 'afc6883@mail.vn'
[2022-09-15 15:20:28,205] Register - Step 05: Enter to Password textbox with value is '123456'
[2022-09-15 15:20:28,339] Register - Step 06: Enter to Confirmpassword textbox with value is '123456'
[2022-09-15 15:20:28,494] Register - Step 07: Click to 'Register' button 
[2022-09-15 15:21:00,404] Login - Step 01: Navigate to Login Page 
[2022-09-15 15:21:02,975] Login - Step 02: Enter to Email textbox with value is '123456' 
[2022-09-15 15:21:03,097] Login - Step 03: Enter to Password textbox 
[2022-09-15 15:21:03,222] Login - Step 04: Click to Login button 
[2022-09-15 15:21:03,986] Login - Step 05: Verify 'My Account' link is displayed 
[2022-09-15 15:21:04,068] OS name = windows 10
[2022-09-15 15:21:04,068] Driver instance name = chromedriver: chrome on windows (f1a976dd7354fb19cc5c94556fde2b6f)
[2022-09-15 15:23:04,311] Register - Step 01: Navigate to 'Register' page
[2022-09-15 15:23:04,938] Register - Step 02: Enter to Firstname textbox with value is 'Automation'
[2022-09-15 15:23:05,111] Register - Step 03: Enter to Lastname textbox with value is 'FC'
[2022-09-15 15:23:05,268] Register - Step 04: Enter to Email textbox with value is 'afc5784@mail.vn'
[2022-09-15 15:23:05,429] Register - Step 05: Enter to Password textbox with value is '123456'
[2022-09-15 15:23:05,627] Register - Step 06: Enter to Confirmpassword textbox with value is '123456'
[2022-09-15 15:23:05,774] Register - Step 07: Click to 'Register' button 
[2022-09-15 15:23:07,424] Register - Step 08:  Verify Register success message is displayed
[2022-09-15 15:23:07,582] Login - Step 01: Navigate to Login Page 
[2022-09-15 15:23:08,919] Login - Step 02: Enter to Email textbox with value is '123456' 
[2022-09-15 15:23:09,048] Login - Step 03: Enter to Password textbox 
[2022-09-15 15:23:09,189] Login - Step 04: Click to Login button 
[2022-09-15 15:23:09,904] Login - Step 05: Verify 'My Account' link is displayed 
[2022-09-15 15:23:09,984] OS name = windows 10
[2022-09-15 15:23:09,984] Driver instance name = chromedriver: chrome on windows (e617d6dce9067fab47a8d8aebc1eeda7)
[2022-09-15 16:44:49,984] Register - Step 01: Navigate to 'Register' page
[2022-09-15 16:44:50,706] Register - Step 02: Enter to Firstname textbox with value is 'Automation'
[2022-09-15 16:44:50,854] Register - Step 03: Enter to Lastname textbox with value is 'FC'
[2022-09-15 16:44:50,978] Register - Step 04: Enter date, month , year
[2022-09-15 16:44:51,411] Register - Step 05: Enter to Email textbox with value is 'afc6995@mail.vn'
[2022-09-15 16:44:51,639] Register - Step 06: Enter to Password textbox with value is '123456'
[2022-09-15 16:44:51,777] Register - Step 07: Enter to Confirmpassword textbox with value is '123456'
[2022-09-15 16:45:01,930] Register - Step 08: Click to 'Register' button 
[2022-09-15 16:45:02,963] Register - Step 09:  Verify Register success message is displayed
[2022-09-15 16:45:03,387] Login - Step 01: Navigate to Login Page 
[2022-09-15 16:45:04,708] Login - Step 02: Enter to Email textbox with value is '123456' 
[2022-09-15 16:45:04,842] Login - Step 03: Enter to Password textbox 
[2022-09-15 16:45:04,983] Login - Step 04: Click to Login button 
[2022-09-15 16:45:05,740] Login - Step 05: Verify 'My Account' link is displayed 
[2022-09-15 16:45:05,806] OS name = windows 10
[2022-09-15 16:45:05,806] Driver instance name = chromedriver: chrome on windows (950b4254f330fbc2b351a672e7779235)
[2022-09-15 17:16:18,604] Register - Step 01: Navigate to 'Register' page
[2022-09-15 17:16:19,390] Register - Step 02: Enter to Firstname textbox with value is 'Automation'
[2022-09-15 17:16:19,540] Register - Step 03: Enter to Lastname textbox with value is 'FC'
[2022-09-15 17:16:19,693] Register - Step 04: Enter date, month , year
[2022-09-15 17:16:20,125] Register - Step 05: Enter to Email textbox with value is 'afc2678@mail.vn'
[2022-09-15 17:16:20,263] Register - Step 06: Tick to checkbox Newsletter
[2022-09-15 17:16:20,353] Register - Step 07: Enter to Password textbox with value is '123456'
[2022-09-15 17:16:20,495] Register - Step 08: Enter to Confirmpassword textbox with value is '123456'
[2022-09-15 17:16:30,657] Register - Step 09: Click to 'Register' button 
[2022-09-15 17:16:32,257] Register - Step 10:  Verify Register success message is displayed
[2022-09-15 17:16:32,570] Login - Step 01: Navigate to Login Page 
[2022-09-15 17:16:33,873] Login - Step 02: Enter to Email textbox with value is '123456' 
[2022-09-15 17:16:34,000] Login - Step 03: Enter to Password textbox 
[2022-09-15 17:16:34,127] Login - Step 04: Click to Login button 
[2022-09-15 17:16:34,881] Login - Step 05: Verify 'My Account' link is displayed 
[2022-09-15 17:16:34,963] My Account - Step 01: Navigate to 'My Account' page 
[2022-09-15 17:16:35,586] My Account - Step 02: Verify 'Customer Infor' page is displayed 
[2022-09-15 17:16:35,704] OS name = windows 10
[2022-09-15 17:16:35,704] Driver instance name = chromedriver: chrome on windows (c34a16f9032c52b471176b1396fea0d2)
[2022-09-15 17:17:49,203] Register - Step 01: Navigate to 'Register' page
[2022-09-15 17:17:49,938] Register - Step 02: Enter to Firstname textbox with value is 'Automation'
[2022-09-15 17:17:50,099] Register - Step 03: Enter to Lastname textbox with value is 'FC'
[2022-09-15 17:17:50,247] Register - Step 04: Enter date, month , year
[2022-09-15 17:17:50,679] Register - Step 05: Enter to Email textbox with value is 'afc5132@mail.vn'
[2022-09-15 17:17:50,853] Register - Step 06: Tick to checkbox Newsletter
[2022-09-15 17:17:50,949] Register - Step 07: Enter to Password textbox with value is '123456'
[2022-09-15 17:17:51,105] Register - Step 08: Enter to Confirmpassword textbox with value is '123456'
[2022-09-15 17:18:01,331] Register - Step 09: Click to 'Register' button 
[2022-09-15 17:18:02,905] Register - Step 10:  Verify Register success message is displayed
[2022-09-15 17:18:03,041] Login - Step 01: Navigate to Login Page 
[2022-09-15 17:18:04,372] Login - Step 02: Enter to Email textbox with value is '123456' 
[2022-09-15 17:18:04,499] Login - Step 03: Enter to Password textbox 
[2022-09-15 17:18:04,641] Login - Step 04: Click to Login button 
[2022-09-15 17:18:05,405] Login - Step 05: Verify 'My Account' link is displayed 
[2022-09-15 17:18:05,486] My Account - Step 01: Navigate to 'My Account' page 
[2022-09-15 17:18:06,000] My Account - Step 02: Verify 'Customer Infor' page is displayed 
[2022-09-15 17:18:06,075] My Account - Step 03: Verify 'First Name ' value is displayed 
[2022-09-15 17:18:06,134] My Account - Step 04: Verify 'Last Name ' value is displayed 
[2022-09-15 17:18:06,197] My Account - Step 05: Verify 'Email ' value is displayed 
[2022-09-15 17:18:06,265] OS name = windows 10
[2022-09-15 17:18:06,265] Driver instance name = chromedriver: chrome on windows (3fb41102f5272d8c4881768ffc8b7c64)
[2022-09-21 18:35:48,632] Pre-Condition - Step 01: Open browser and admin URL
[2022-09-21 18:35:54,225] Pre-Condition - Step 02: Enter to Username textbox with value : automationfc
[2022-09-21 18:35:54,478] Pre-Condition - Step 03: Enter to Password textbox with value :automationfc
[2022-09-21 18:35:54,604] Pre-Condition - Step 04:	Click to Login button
[2022-09-21 18:35:57,482] Create_Post - Step 01:Click to 'Post' menu link
[2022-09-21 18:35:58,787] Create_Post - Step 02: Get 'Search Posts' page Url
[2022-09-21 18:35:58,793] Create_Post - Step 03:Click to 'Add New' button 
[2022-09-21 18:36:01,519] Create_Post - Step 04: Enter to post title 
[2022-09-21 18:36:02,110] Create_Post - Step 05: Enter to body 
[2022-09-21 18:36:03,306] Create_Post - Step 06: Click to 'Publish ' button 
[2022-09-21 18:36:03,713] Create_Post - Step 07: Click to 'Pre-publish ' button 
[2022-09-21 18:36:03,914] Create_Post - Step 08: Verify 'Post published' message is displayed 
[2022-09-21 18:36:06,149]  -------------------------- PASSED -------------------------- 
[2022-09-21 18:36:06,301] Search_Post - Step 01: Open 'Search Post' page 
[2022-09-21 18:37:40,154] Pre-Condition - Step 01: Open browser and admin URL
[2022-09-21 18:37:44,510] Pre-Condition - Step 02: Enter to Username textbox with value : automationfc
[2022-09-21 18:37:44,738] Pre-Condition - Step 03: Enter to Password textbox with value :automationfc
[2022-09-21 18:37:44,878] Pre-Condition - Step 04:	Click to Login button
[2022-09-21 18:37:47,494] Create_Post - Step 01:Click to 'Post' menu link
[2022-09-21 18:37:48,796] Create_Post - Step 02: Get 'Search Posts' page Url
[2022-09-21 18:37:48,803] Create_Post - Step 03:Click to 'Add New' button 
[2022-09-21 18:37:51,404] Create_Post - Step 04: Enter to post title 
[2022-09-21 18:37:52,054] Create_Post - Step 05: Enter to body 
[2022-09-21 18:37:53,350] Create_Post - Step 06: Click to 'Publish ' button 
[2022-09-21 18:37:53,788] Create_Post - Step 07: Click to 'Pre-publish ' button 
[2022-09-21 18:37:53,994] Create_Post - Step 08: Verify 'Post published' message is displayed 
[2022-09-21 18:37:56,368]  -------------------------- PASSED -------------------------- 
[2022-09-21 18:37:56,443] Search_Post - Step 01: Open 'Search Post' page 
[2022-09-22 10:58:25,488] Pre-Condition - Step 01: Open browser and Admin site
[2022-09-22 10:58:55,008] Pre-Condition - Step 02: Enter to Username textbox with value : automationfc
[2022-09-22 10:58:55,225] Pre-Condition - Step 03: Enter to Password textbox with value :automationfc
[2022-09-22 10:58:55,363] Pre-Condition - Step 04:	Click to Login button
[2022-09-22 10:59:01,288] Create_Post - Step 01:Click to 'Post' menu link
[2022-09-22 10:59:03,323] Create_Post - Step 02: Get 'Search Posts' page Url
[2022-09-22 10:59:03,328] Create_Post - Step 03:Click to 'Add New' button 
[2022-09-22 10:59:09,846] Create_Post - Step 04: Enter to post title 
[2022-09-22 10:59:10,434] Create_Post - Step 05: Enter to body 
[2022-09-22 10:59:11,633] Create_Post - Step 06: Click to 'Publish ' button 
[2022-09-22 10:59:11,926] Create_Post - Step 07: Click to 'Pre-publish ' button 
[2022-09-22 10:59:12,173] Create_Post - Step 08: Verify 'Post published' message is displayed 
[2022-09-22 10:59:14,961]  -------------------------- PASSED -------------------------- 
[2022-09-22 10:59:15,176] Search_Post - Step 01: Open 'Search Post' page 
[2022-09-22 10:59:16,485] Search_Post - Step 02: Enter to Search textbox 
[2022-09-22 10:59:16,662] Search_Post - Step 03: Click to 'Search Posts' button 
[2022-09-22 10:59:18,988] Search_Post - Step 04: Verify Search table contains ' Live Coding Title 63549'
[2022-09-22 11:20:39,073] Pre-Condition - Step 01: Open browser and Admin site
[2022-09-22 11:20:42,766] Pre-Condition - Step 02: Enter to Username textbox with value : automationfc
[2022-09-22 11:20:43,080] Pre-Condition - Step 03: Enter to Password textbox with value :automationfc
[2022-09-22 11:20:43,268] Pre-Condition - Step 04:	Click to Login button
[2022-09-22 11:20:46,318] Create_Post - Step 01:Click to 'Post' menu link
[2022-09-22 11:20:47,691] Create_Post - Step 02: Get 'Search Posts' page Url
[2022-09-22 11:20:47,697] Create_Post - Step 03:Click to 'Add New' button 
[2022-09-22 11:20:50,449] Create_Post - Step 04: Enter to post title 
[2022-09-22 11:20:51,049] Create_Post - Step 05: Enter to body 
[2022-09-22 11:20:52,264] Create_Post - Step 06: Click to 'Publish ' button 
[2022-09-22 11:20:52,678] Create_Post - Step 07: Click to 'Pre-publish ' button 
[2022-09-22 11:20:52,872] Create_Post - Step 08: Verify 'Post published' message is displayed 
[2022-09-22 11:20:55,331]  -------------------------- PASSED -------------------------- 
[2022-09-22 11:20:55,444] Search_Post - Step 01: Open 'Search Post' page 
[2022-09-22 11:20:56,752] Search_Post - Step 02: Enter to Search textbox 
[2022-09-22 11:20:56,923] Search_Post - Step 03: Click to 'Search Posts' button 
[2022-09-22 11:20:59,081] Search_Post - Step 04: Verify Search table contains ' Live Coding Title 57074'
[2022-09-22 11:20:59,169]  -------------------------- PASSED -------------------------- 
[2022-09-22 11:20:59,169] Search_Post - Step 05: Verify Search table contains ' automationfc'
[2022-09-22 11:20:59,261]  -------------------------- PASSED -------------------------- 
[2022-09-22 11:20:59,262] Search_Post - Step 06: Open User site 
[2022-09-22 11:21:01,707] Search_Post - Step 07: Verify Post Infor displayed at Home Page 
[2022-09-22 11:21:01,780]  -------------------------- PASSED -------------------------- 
[2022-09-22 11:21:01,842]  -------------------------- PASSED -------------------------- 
[2022-09-22 11:21:01,905]  -------------------------- PASSED -------------------------- 
[2022-09-22 11:21:01,986]  -------------------------- PASSED -------------------------- 
[2022-09-22 11:21:01,986] Search_Post - Step 08: Click to Post Title 
[2022-09-22 11:21:03,173] Search_Post - Step 09: Verify Post infor displayed at Post detail Page 
[2022-09-22 11:25:04,756] Pre-Condition - Step 01: Open browser and Admin site
[2022-09-22 11:25:11,436] Pre-Condition - Step 02: Enter to Username textbox with value : automationfc
[2022-09-22 11:25:11,828] Pre-Condition - Step 03: Enter to Password textbox with value :automationfc
[2022-09-22 11:25:12,030] Pre-Condition - Step 04:	Click to Login button
[2022-09-22 11:25:18,201] Create_Post - Step 01:Click to 'Post' menu link
[2022-09-22 11:25:20,644] Create_Post - Step 02: Get 'Search Posts' page Url
[2022-09-22 11:25:20,651] Create_Post - Step 03:Click to 'Add New' button 
[2022-09-22 11:25:24,636] Create_Post - Step 04: Enter to post title 
[2022-09-22 11:25:25,725] Create_Post - Step 05: Enter to body 
[2022-09-22 11:25:27,842] Create_Post - Step 06: Click to 'Publish ' button 
[2022-09-22 11:25:28,485] Create_Post - Step 07: Click to 'Pre-publish ' button 
[2022-09-22 11:25:28,729] Create_Post - Step 08: Verify 'Post published' message is displayed 
[2022-09-22 11:25:32,845]  -------------------------- PASSED -------------------------- 
[2022-09-22 11:25:33,058] Search_Post - Step 01: Open 'Search Post' page 
[2022-09-22 11:25:34,949] Search_Post - Step 02: Enter to Search textbox 
[2022-09-22 11:25:35,190] Search_Post - Step 03: Click to 'Search Posts' button 
[2022-09-22 11:25:38,094] Search_Post - Step 04: Verify Search table contains ' Live Coding Title 74280'
[2022-09-22 11:25:38,303]  -------------------------- PASSED -------------------------- 
[2022-09-22 11:25:38,303] Search_Post - Step 05: Verify Search table contains ' automationfc'
[2022-09-22 11:25:38,398]  -------------------------- PASSED -------------------------- 
[2022-09-22 11:25:38,398] Search_Post - Step 06: Open User site 
[2022-09-22 11:25:45,250] Search_Post - Step 07: Verify Post Infor displayed at Home Page 
[2022-09-22 11:25:45,321]  -------------------------- PASSED -------------------------- 
[2022-09-22 11:25:45,383]  -------------------------- PASSED -------------------------- 
[2022-09-22 11:25:45,463]  -------------------------- PASSED -------------------------- 
[2022-09-22 11:25:45,525]  -------------------------- PASSED -------------------------- 
[2022-09-22 11:25:45,525] Search_Post - Step 08: Click to Post Title 
[2022-09-22 11:25:46,807] Search_Post - Step 09: Verify Post infor displayed at Post detail Page 
[2022-09-22 11:25:46,887]  -------------------------- PASSED -------------------------- 
[2022-09-22 11:25:46,978]  -------------------------- PASSED -------------------------- 
[2022-09-22 11:25:47,056]  -------------------------- PASSED -------------------------- 
[2022-09-22 11:25:47,132]  -------------------------- PASSED -------------------------- 
